0 info it worked if it ends with ok
1 verbose cli [ '/usr/local/bin/node',
1 verbose cli   '/usr/local/bin/npm',
1 verbose cli   'install',
1 verbose cli   'image-picker' ]
2 info using npm@2.15.5
3 info using node@v4.4.5
4 verbose install initial load of /Users/Misigno/CodeSpace/NerveCenter/package.json
5 verbose installManyTop reading scoped package data from /Users/Misigno/CodeSpace/NerveCenter/node_modules/angular-gridster/package.json
6 verbose installManyTop reading scoped package data from /Users/Misigno/CodeSpace/NerveCenter/node_modules/angular-ui-bootstrap/package.json
7 verbose installManyTop reading scoped package data from /Users/Misigno/CodeSpace/NerveCenter/node_modules/body-parser/package.json
8 verbose installManyTop reading scoped package data from /Users/Misigno/CodeSpace/NerveCenter/node_modules/cookie-parser/package.json
9 verbose installManyTop reading scoped package data from /Users/Misigno/CodeSpace/NerveCenter/node_modules/debug/package.json
10 verbose installManyTop reading scoped package data from /Users/Misigno/CodeSpace/NerveCenter/node_modules/express/package.json
11 verbose installManyTop reading scoped package data from /Users/Misigno/CodeSpace/NerveCenter/node_modules/express-jwt/package.json
12 verbose installManyTop reading scoped package data from /Users/Misigno/CodeSpace/NerveCenter/node_modules/gulp/package.json
13 verbose installManyTop reading scoped package data from /Users/Misigno/CodeSpace/NerveCenter/node_modules/gulp-concat/package.json
14 verbose installManyTop reading scoped package data from /Users/Misigno/CodeSpace/NerveCenter/node_modules/gulp-ng-annotate/package.json
15 verbose installManyTop reading scoped package data from /Users/Misigno/CodeSpace/NerveCenter/node_modules/gulp-ng-html2js/package.json
16 verbose installManyTop reading scoped package data from /Users/Misigno/CodeSpace/NerveCenter/node_modules/gulp-sourcemaps/package.json
17 verbose installManyTop reading scoped package data from /Users/Misigno/CodeSpace/NerveCenter/node_modules/gulp-uglify/package.json
18 verbose installManyTop reading scoped package data from /Users/Misigno/CodeSpace/NerveCenter/node_modules/gulp-watch/package.json
19 verbose installManyTop reading scoped package data from /Users/Misigno/CodeSpace/NerveCenter/node_modules/jade/package.json
20 verbose installManyTop reading scoped package data from /Users/Misigno/CodeSpace/NerveCenter/node_modules/jsonwebtoken/package.json
21 verbose installManyTop reading scoped package data from /Users/Misigno/CodeSpace/NerveCenter/node_modules/mongoose/package.json
22 verbose installManyTop reading scoped package data from /Users/Misigno/CodeSpace/NerveCenter/node_modules/morgan/package.json
23 verbose installManyTop reading scoped package data from /Users/Misigno/CodeSpace/NerveCenter/node_modules/passport/package.json
24 verbose installManyTop reading scoped package data from /Users/Misigno/CodeSpace/NerveCenter/node_modules/passport-local/package.json
25 verbose installManyTop reading scoped package data from /Users/Misigno/CodeSpace/NerveCenter/node_modules/pryjs/package.json
26 verbose installManyTop reading scoped package data from /Users/Misigno/CodeSpace/NerveCenter/node_modules/serve-favicon/package.json
27 info package.json express-jwt@3.4.0 No license field.
28 info package.json gulp-ng-html2js@0.2.2 No license field.
29 info package.json passport-local@1.0.0 No license field.
30 verbose readDependencies loading dependencies from /Users/Misigno/CodeSpace/NerveCenter/package.json
31 silly cache add args [ 'image-picker', null ]
32 verbose cache add spec image-picker
33 silly cache add parsed spec Result {
33 silly cache add   raw: 'image-picker',
33 silly cache add   scope: null,
33 silly cache add   name: 'image-picker',
33 silly cache add   rawSpec: '',
33 silly cache add   spec: 'latest',
33 silly cache add   type: 'tag' }
34 silly addNamed image-picker@latest
35 verbose addNamed "latest" is being treated as a dist-tag for image-picker
36 info addNameTag [ 'image-picker', 'latest' ]
37 silly mapToRegistry name image-picker
38 silly mapToRegistry using default registry
39 silly mapToRegistry registry https://registry.npmjs.org/
40 silly mapToRegistry data Result {
40 silly mapToRegistry   raw: 'image-picker',
40 silly mapToRegistry   scope: null,
40 silly mapToRegistry   name: 'image-picker',
40 silly mapToRegistry   rawSpec: '',
40 silly mapToRegistry   spec: 'latest',
40 silly mapToRegistry   type: 'tag' }
41 silly mapToRegistry uri https://registry.npmjs.org/image-picker
42 verbose addNameTag registry:https://registry.npmjs.org/image-picker not in flight; fetching
43 verbose request uri https://registry.npmjs.org/image-picker
44 verbose request no auth needed
45 info attempt registry request try #1 at 3:55:25 PM
46 verbose request id 7624bbca534bc6f3
47 http request GET https://registry.npmjs.org/image-picker
48 http 404 https://registry.npmjs.org/image-picker
49 verbose headers { 'content-type': 'application/json',
49 verbose headers   'cache-control': 'max-age=0',
49 verbose headers   'content-length': '2',
49 verbose headers   'accept-ranges': 'bytes',
49 verbose headers   date: 'Fri, 17 Mar 2017 19:55:26 GMT',
49 verbose headers   via: '1.1 varnish',
49 verbose headers   age: '0',
49 verbose headers   connection: 'keep-alive',
49 verbose headers   'x-served-by': 'cache-jfk8123-JFK',
49 verbose headers   'x-cache': 'MISS',
49 verbose headers   'x-cache-hits': '0',
49 verbose headers   'x-timer': 'S1489780526.112104,VS0,VE328',
49 verbose headers   vary: 'Accept-Encoding' }
50 silly get cb [ 404,
50 silly get   { 'content-type': 'application/json',
50 silly get     'cache-control': 'max-age=0',
50 silly get     'content-length': '2',
50 silly get     'accept-ranges': 'bytes',
50 silly get     date: 'Fri, 17 Mar 2017 19:55:26 GMT',
50 silly get     via: '1.1 varnish',
50 silly get     age: '0',
50 silly get     connection: 'keep-alive',
50 silly get     'x-served-by': 'cache-jfk8123-JFK',
50 silly get     'x-cache': 'MISS',
50 silly get     'x-cache-hits': '0',
50 silly get     'x-timer': 'S1489780526.112104,VS0,VE328',
50 silly get     vary: 'Accept-Encoding' } ]
51 verbose stack Error: Registry returned 404 for GET on https://registry.npmjs.org/image-picker
51 verbose stack     at makeError (/usr/local/lib/node_modules/npm/node_modules/npm-registry-client/lib/request.js:264:12)
51 verbose stack     at CachingRegistryClient.<anonymous> (/usr/local/lib/node_modules/npm/node_modules/npm-registry-client/lib/request.js:242:14)
51 verbose stack     at Request._callback (/usr/local/lib/node_modules/npm/node_modules/npm-registry-client/lib/request.js:172:14)
51 verbose stack     at Request.self.callback (/usr/local/lib/node_modules/npm/node_modules/request/request.js:200:22)
51 verbose stack     at emitTwo (events.js:87:13)
51 verbose stack     at Request.emit (events.js:172:7)
51 verbose stack     at Request.<anonymous> (/usr/local/lib/node_modules/npm/node_modules/request/request.js:1067:10)
51 verbose stack     at emitOne (events.js:82:20)
51 verbose stack     at Request.emit (events.js:169:7)
51 verbose stack     at IncomingMessage.<anonymous> (/usr/local/lib/node_modules/npm/node_modules/request/request.js:988:12)
52 verbose statusCode 404
53 verbose pkgid image-picker
54 verbose cwd /Users/Misigno/CodeSpace/NerveCenter
55 error Darwin 16.4.0
56 error argv "/usr/local/bin/node" "/usr/local/bin/npm" "install" "image-picker"
57 error node v4.4.5
58 error npm  v2.15.5
59 error code E404
60 error 404 Registry returned 404 for GET on https://registry.npmjs.org/image-picker
60 error 404
60 error 404 'image-picker' is not in the npm registry.
60 error 404 You should bug the author to publish it (or use the name yourself!)
60 error 404 It was specified as a dependency of 'MEAN-stack-authentication'
60 error 404
60 error 404 Note that you can also install from a
60 error 404 tarball, folder, http url, or git url.
61 verbose exit [ 1, true ]
